0 info it worked if it ends with ok
1 verbose cli [ 'C:\\Program Files\\Nodejs\\\\node.exe',
1 verbose cli   'C:\\Program Files\\Nodejs\\node_modules\\npm\\bin\\npm-cli.js',
1 verbose cli   'install',
1 verbose cli   'db-mysql' ]
2 info using npm@1.4.9
3 info using node@v0.10.28
4 verbose node symlink C:\Program Files\Nodejs\\node.exe
5 warn package.json ionic-project@1.0.0 No repository field.
6 verbose readDependencies using package.json deps
7 verbose cache add [ 'db-mysql', null ]
8 verbose cache add name=undefined spec="db-mysql" args=["db-mysql",null]
9 verbose parsed url { protocol: null,
9 verbose parsed url   slashes: null,
9 verbose parsed url   auth: null,
9 verbose parsed url   host: null,
9 verbose parsed url   port: null,
9 verbose parsed url   hostname: null,
9 verbose parsed url   hash: null,
9 verbose parsed url   search: null,
9 verbose parsed url   query: null,
9 verbose parsed url   pathname: 'db-mysql',
9 verbose parsed url   path: 'db-mysql',
9 verbose parsed url   href: 'db-mysql' }
10 silly lockFile c75423d9-db-mysql db-mysql
11 verbose lock db-mysql C:\Users\Jayti\AppData\Roaming\npm-cache\c75423d9-db-mysql.lock
12 silly lockFile c75423d9-db-mysql db-mysql
13 silly lockFile c75423d9-db-mysql db-mysql
14 verbose addNamed [ 'db-mysql', '' ]
15 verbose addNamed [ null, '*' ]
16 silly lockFile a4731413-db-mysql db-mysql@
17 verbose lock db-mysql@ C:\Users\Jayti\AppData\Roaming\npm-cache\a4731413-db-mysql.lock
18 silly addNameRange { name: 'db-mysql', range: '*', hasData: false }
19 verbose url raw db-mysql
20 verbose url resolving [ 'https://registry.npmjs.org/', './db-mysql' ]
21 verbose url resolved https://registry.npmjs.org/db-mysql
22 info trying registry request attempt 1 at 15:25:48
23 verbose etag "247U4HO27E1VBXVMS4I4JWSKE"
24 http GET https://registry.npmjs.org/db-mysql
25 http 304 https://registry.npmjs.org/db-mysql
26 silly registry.get cb [ 304,
26 silly registry.get   { date: 'Tue, 17 Jun 2014 09:55:54 GMT',
26 silly registry.get     server: 'Apache',
26 silly registry.get     via: '1.1 varnish',
26 silly registry.get     'last-modified': 'Tue, 17 Jun 2014 09:55:55 GMT',
26 silly registry.get     'cache-control': 'max-age=30',
26 silly registry.get     etag: '"247U4HO27E1VBXVMS4I4JWSKE"',
26 silly registry.get     'x-served-by': 'cache-syd1621-SYD',
26 silly registry.get     'x-cache': 'MISS',
26 silly registry.get     'x-cache-hits': '0',
26 silly registry.get     'x-timer': 'S1402998954.619205,VS0,VE575',
26 silly registry.get     vary: 'Accept',
26 silly registry.get     'content-length': '0',
26 silly registry.get     'keep-alive': 'timeout=10, max=50',
26 silly registry.get     connection: 'Keep-Alive' } ]
27 verbose etag db-mysql from cache
28 silly addNameRange number 2 { name: 'db-mysql', range: '*', hasData: true }
29 silly addNameRange versions [ 'db-mysql',
29 silly addNameRange   [ '0.4.0',
29 silly addNameRange     '0.4.1',
29 silly addNameRange     '0.4.2',
29 silly addNameRange     '0.4.3',
29 silly addNameRange     '0.4.4',
29 silly addNameRange     '0.4.5',
29 silly addNameRange     '0.4.6',
29 silly addNameRange     '0.4.7',
29 silly addNameRange     '0.4.8',
29 silly addNameRange     '0.4.9',
29 silly addNameRange     '0.5.0',
29 silly addNameRange     '0.5.1',
29 silly addNameRange     '0.5.2',
29 silly addNameRange     '0.5.3',
29 silly addNameRange     '0.5.4',
29 silly addNameRange     '0.5.5',
29 silly addNameRange     '0.5.6',
29 silly addNameRange     '0.5.7',
29 silly addNameRange     '0.5.8',
29 silly addNameRange     '0.5.9',
29 silly addNameRange     '0.6.0',
29 silly addNameRange     '0.6.1',
29 silly addNameRange     '0.6.2',
29 silly addNameRange     '0.6.3',
29 silly addNameRange     '0.6.4',
29 silly addNameRange     '0.6.5',
29 silly addNameRange     '0.6.6',
29 silly addNameRange     '0.6.7',
29 silly addNameRange     '0.6.8',
29 silly addNameRange     '0.6.9',
29 silly addNameRange     '0.7.0',
29 silly addNameRange     '0.7.1',
29 silly addNameRange     '0.7.2',
29 silly addNameRange     '0.7.3',
29 silly addNameRange     '0.7.4',
29 silly addNameRange     '0.7.5',
29 silly addNameRange     '0.7.6' ] ]
30 verbose addNamed [ 'db-mysql', '0.7.6' ]
31 verbose addNamed [ '0.7.6', '0.7.6' ]
32 silly lockFile f70b617c-db-mysql-0-7-6 db-mysql@0.7.6
33 verbose lock db-mysql@0.7.6 C:\Users\Jayti\AppData\Roaming\npm-cache\f70b617c-db-mysql-0-7-6.lock
34 silly lockFile f70b617c-db-mysql-0-7-6 db-mysql@0.7.6
35 silly lockFile f70b617c-db-mysql-0-7-6 db-mysql@0.7.6
36 silly lockFile a4731413-db-mysql db-mysql@
37 silly lockFile a4731413-db-mysql db-mysql@
38 silly resolved [ { name: 'db-mysql',
38 silly resolved     description: 'MySQL database bindings for Node.JS',
38 silly resolved     keywords:
38 silly resolved      [ 'database',
38 silly resolved        'db',
38 silly resolved        'native',
38 silly resolved        'binding',
38 silly resolved        'library',
38 silly resolved        'plugin',
38 silly resolved        'client',
38 silly resolved        'mysql',
38 silly resolved        'libmysql' ],
38 silly resolved     homepage: 'http://nodejsdb.org/db-mysql',
38 silly resolved     version: '0.7.6',
38 silly resolved     engines: { node: '>=0.4.1' },
38 silly resolved     maintainers: [ [Object] ],
38 silly resolved     bugs: { url: 'http://github.com/mariano/node-db-mysql/issues' },
38 silly resolved     licenses: [ [Object] ],
38 silly resolved     repositories: [ [Object] ],
38 silly resolved     main: './db-mysql',
38 silly resolved     scripts:
38 silly resolved      { install: 'node-waf configure build',
38 silly resolved        preuninstall: 'rm -rf build/*',
38 silly resolved        test: 'node-waf test',
38 silly resolved        doc: 'node-waf doc' },
38 silly resolved     devDependencies: { nodeunit: '*', nodelint: '*' },
38 silly resolved     readme: '# db-mysql: MySQL database bindings for Node.js #\n\nFor detailed information about this and other Node.js\ndatabase bindings visit the [Node.js db-mysql homepage] [homepage].\n\n## INSTALL ##\n\nBefore proceeding with installation, you need to have the libmysql\ndevelopment libraries and include files. Access to the mysql_config \nbinary is mandatory, and its path has to be specified prior to \ninstallation (if its not within the system\'s path). For example, if \nthe path to your mysql_config is /usr/local/bin/mysql_config make \nsure to do the following (Ubuntu users need to install the \nlibmysqlclient-dev package):\n\n```bash\n$ export MYSQL_CONFIG=/usr/local/bin/mysql_config\n```\n\nOnce you are sure that either mysql_config is part of the path or that\nyou specified the MYSQL_CONFIG environment var, install with npm:\n\n```bash\n$ npm install db-mysql\n```\n\n## QUICK START ##\n\n```javascript\nvar mysql = require(\'db-mysql\');\nnew mysql.Database({\n    hostname: \'localhost\',\n    user: \'root\',\n    password: \'password\',\n    database: \'node\'\n}).connect(function(error) {\n    if (error) {\n        return console.log("CONNECTION ERROR: " + error);\n    }\n\n    this.query().select(\'*\').from(\'users\').execute(function(error, rows) {\n        if (error) {\n            return console.log(\'ERROR: \' + error);\n        }\n        console.log(rows.length + \' ROWS\');\n    });\n});\n```\n\n## LICENSE ##\n\nThis module is released under the [MIT License] [license].\n\n[homepage]: http://nodejsdb.org/db-mysql\n[license]: http://www.opensource.org/licenses/mit-license.php\n',
38 silly resolved     readmeFilename: 'README.md',
38 silly resolved     repository:
38 silly resolved      { type: 'git',
38 silly resolved        url: 'https://github.com/mariano/node-db-mysql.git' },
38 silly resolved     _id: 'db-mysql@0.7.6',
38 silly resolved     _shasum: 'ff870557afb1ee4197712211d26b6a05394a7aeb',
38 silly resolved     _from: 'db-mysql@',
38 silly resolved     _resolved: 'https://registry.npmjs.org/db-mysql/-/db-mysql-0.7.6.tgz' } ]
39 info install db-mysql@0.7.6 into C:\Ionic Projects\blankApp
40 info installOne db-mysql@0.7.6
41 info C:\Ionic Projects\blankApp\node_modules\db-mysql unbuild
42 verbose tar unpack C:\Users\Jayti\AppData\Roaming\npm-cache\db-mysql\0.7.6\package.tgz
43 silly lockFile df2b05bc-s-blankApp-node-modules-db-mysql tar://C:\Ionic Projects\blankApp\node_modules\db-mysql
44 verbose lock tar://C:\Ionic Projects\blankApp\node_modules\db-mysql C:\Users\Jayti\AppData\Roaming\npm-cache\df2b05bc-s-blankApp-node-modules-db-mysql.lock
45 silly lockFile d56f08c5-cache-db-mysql-0-7-6-package-tgz tar://C:\Users\Jayti\AppData\Roaming\npm-cache\db-mysql\0.7.6\package.tgz
46 verbose lock tar://C:\Users\Jayti\AppData\Roaming\npm-cache\db-mysql\0.7.6\package.tgz C:\Users\Jayti\AppData\Roaming\npm-cache\d56f08c5-cache-db-mysql-0-7-6-package-tgz.lock
47 silly gunzTarPerm modes [ '755', '644' ]
48 silly gunzTarPerm extractEntry mysql-test-sync.js
49 silly gunzTarPerm extractEntry mysql-test-insert.js
50 silly gunzTarPerm extractEntry mysql-test-manual-query.js
51 silly gunzTarPerm extractEntry README.md
52 silly gunzTarPerm extractEntry tests.js
53 silly gunzTarPerm extractEntry mysql-test-placeholder.js
54 silly gunzTarPerm extractEntry mysql-test-no-connection.js
55 silly gunzTarPerm extractEntry .gitignore
56 silly gunzTarPerm extractEntry wscript
57 silly gunzTarPerm extractEntry CHANGELOG
58 silly gunzTarPerm extractEntry .gitmodules
59 silly gunzTarPerm extractEntry t.js
60 silly gunzTarPerm extractEntry mysql-test-long.js
61 silly gunzTarPerm extractEntry mysql-test.js
62 silly gunzTarPerm extractEntry .npmignore
63 silly gunzTarPerm extractEntry db-mysql.js
64 silly gunzTarPerm extractEntry mysql-test-long-number.js
65 silly gunzTarPerm extractEntry package.json
66 silly gunzTarPerm extractEntry tests-settings.json
67 silly gunzTarPerm extractEntry tests-db.js
68 silly gunzTarPerm extractEntry mysql-test-sync-update.js
69 silly gunzTarPerm extractEntry mysql-test-async.js
70 silly gunzTarPerm extractEntry src/mysql.cc
71 silly gunzTarPerm extractEntry src/result.h
72 silly gunzTarPerm extractEntry src/query.cc
73 silly gunzTarPerm extractEntry src/mysql_bindings.cc
74 silly gunzTarPerm extractEntry src/connection.cc
75 silly gunzTarPerm extractEntry src/query.h
76 silly gunzTarPerm extractEntry src/connection.h
77 silly gunzTarPerm extractEntry src/result.cc
78 silly gunzTarPerm extractEntry src/mysql.h
79 silly gunzTarPerm extractEntry doc/api.html
80 silly gunzTarPerm extractEntry doc/changelog.html
81 silly gunzTarPerm extractEntry doc/index.html
82 silly gunzTarPerm extractEntry lib/node-db/binding.h
83 silly gunzTarPerm extractEntry lib/node-db/events.h
84 silly gunzTarPerm extractEntry lib/node-db/exception.cc
85 silly gunzTarPerm extractEntry lib/node-db/README.md
86 silly gunzTarPerm extractEntry lib/node-db/tests.js
87 silly gunzTarPerm extractEntry lib/node-db/result.h
88 silly gunzTarPerm extractEntry lib/node-db/exception.h
89 silly gunzTarPerm extractEntry lib/node-db/events.cc
90 silly gunzTarPerm extractEntry lib/node-db/query.cc
91 silly gunzTarPerm extractEntry lib/node-db/binding.cc
92 silly gunzTarPerm extractEntry lib/node-db/connection.cc
93 silly gunzTarPerm extractEntry lib/node-db/query.h
94 silly gunzTarPerm extractEntry lib/node-db/connection.h
95 silly gunzTarPerm extractEntry lib/node-db/node_defs.h
96 silly gunzTarPerm extractEntry lib/node-db/result.cc
97 silly lockFile df2b05bc-s-blankApp-node-modules-db-mysql tar://C:\Ionic Projects\blankApp\node_modules\db-mysql
98 silly lockFile df2b05bc-s-blankApp-node-modules-db-mysql tar://C:\Ionic Projects\blankApp\node_modules\db-mysql
99 silly lockFile d56f08c5-cache-db-mysql-0-7-6-package-tgz tar://C:\Users\Jayti\AppData\Roaming\npm-cache\db-mysql\0.7.6\package.tgz
100 silly lockFile d56f08c5-cache-db-mysql-0-7-6-package-tgz tar://C:\Users\Jayti\AppData\Roaming\npm-cache\db-mysql\0.7.6\package.tgz
101 info preinstall db-mysql@0.7.6
102 verbose readDependencies using package.json deps
103 verbose readDependencies using package.json deps
104 silly resolved []
105 verbose about to build C:\Ionic Projects\blankApp\node_modules\db-mysql
106 info build C:\Ionic Projects\blankApp\node_modules\db-mysql
107 verbose linkStuff [ false,
107 verbose linkStuff   false,
107 verbose linkStuff   false,
107 verbose linkStuff   'C:\\Ionic Projects\\blankApp\\node_modules' ]
108 info linkStuff db-mysql@0.7.6
109 verbose linkBins db-mysql@0.7.6
110 verbose linkMans db-mysql@0.7.6
111 verbose rebuildBundles db-mysql@0.7.6
112 info install db-mysql@0.7.6
113 verbose unsafe-perm in lifecycle true
114 info db-mysql@0.7.6 Failed to exec install script
115 info C:\Ionic Projects\blankApp\node_modules\db-mysql unbuild
116 info preuninstall db-mysql@0.7.6
117 verbose unsafe-perm in lifecycle true
118 info db-mysql@0.7.6 Failed to exec preuninstall script
119 warn continuing anyway db-mysql@0.7.6 preuninstall: `rm -rf build/*`
119 warn continuing anyway Exit status 1
120 info uninstall db-mysql@0.7.6
121 verbose true,C:\Ionic Projects\blankApp\node_modules,C:\Ionic Projects\blankApp\node_modules unbuild db-mysql@0.7.6
122 info postuninstall db-mysql@0.7.6
123 error db-mysql@0.7.6 install: `node-waf configure build`
123 error Exit status 1
124 error Failed at the db-mysql@0.7.6 install script.
124 error This is most likely a problem with the db-mysql package,
124 error not with npm itself.
124 error Tell the author that this fails on your system:
124 error     node-waf configure build
124 error You can get their info via:
124 error     npm owner ls db-mysql
124 error There is likely additional logging output above.
125 error System Windows_NT 6.1.7601
126 error command "C:\\Program Files\\Nodejs\\\\node.exe" "C:\\Program Files\\Nodejs\\node_modules\\npm\\bin\\npm-cli.js" "install" "db-mysql"
127 error cwd C:\Ionic Projects\blankApp\www
128 error node -v v0.10.28
129 error npm -v 1.4.9
130 error code ELIFECYCLE
131 verbose exit [ 1, true ]
